<?xml version="1.0" encoding="UTF-8"?>
<robot generator="Robot 6.0.2 (Python 3.11.1 on win32)" generated="20230303 10:48:24.992" rpa="false" schemaversion="3">
<suite id="s1" name="Front Office" source="C:\MAKS\Robot\Final_challenge\Tests\Front_Office.robot">
<test id="s1-t1" name="Home page should load" line="12">
<kw name="Begin Web Test" library="CommonWeb" type="SETUP">
<kw name="Set Selenium Timeout" library="SeleniumLibrary">
<arg>5s</arg>
<doc>Sets the timeout that is used by various keywords.</doc>
<status status="PASS" starttime="20230303 10:48:25.136" endtime="20230303 10:48:25.136"/>
</kw>
<kw name="Open Browser" library="SeleniumLibrary">
<arg>about:blank</arg>
<arg>${BROWSER}</arg>
<doc>Opens a new browser instance to the optional ``url``.</doc>
<msg timestamp="20230303 10:48:25.136" level="INFO">Opening browser 'chrome' to base url 'about:blank'.</msg>
<status status="PASS" starttime="20230303 10:48:25.136" endtime="20230303 10:48:26.234"/>
</kw>
<kw name="Set Window Position" library="SeleniumLibrary">
<arg>x=1921</arg>
<arg>y=0</arg>
<doc>Sets window position using ``x`` and ``y`` coordinates.</doc>
<status status="PASS" starttime="20230303 10:48:26.235" endtime="20230303 10:48:26.381"/>
</kw>
<kw name="Maximize Browser Window" library="SeleniumLibrary">
<doc>Maximizes current browser window.</doc>
<status status="PASS" starttime="20230303 10:48:26.381" endtime="20230303 10:48:26.506"/>
</kw>
<status status="PASS" starttime="20230303 10:48:25.135" endtime="20230303 10:48:26.506"/>
</kw>
<kw name="Open Landing Page" library="AppClient">
<kw name="Open Page" library="Main">
<kw name="Go To" library="SeleniumLibrary">
<arg>${URL}</arg>
<doc>Navigates the current browser window to the provided ``url``.</doc>
<msg timestamp="20230303 10:48:26.508" level="INFO">Opening url 'https://automationplayground.com/front-office/'</msg>
<status status="PASS" starttime="20230303 10:48:26.508" endtime="20230303 10:48:29.577"/>
</kw>
<kw name="Verify Page Loaded" library="Main">
<kw name="Page Should Contain" library="SeleniumLibrary">
<arg>Welcome To Our Studio!</arg>
<doc>Verifies that current page contains ``text``.</doc>
<msg timestamp="20230303 10:48:29.599" level="INFO">Current page contains text 'Welcome To Our Studio!'.</msg>
<status status="PASS" starttime="20230303 10:48:29.577" endtime="20230303 10:48:29.599"/>
</kw>
<kw name="Page Should Contain" library="SeleniumLibrary">
<arg>It's Nice To Meet You</arg>
<doc>Verifies that current page contains ``text``.</doc>
<msg timestamp="20230303 10:48:29.616" level="INFO">Current page contains text 'It's Nice To Meet You'.</msg>
<status status="PASS" starttime="20230303 10:48:29.600" endtime="20230303 10:48:29.616"/>
</kw>
<kw name="Page Should Contain Link" library="SeleniumLibrary">
<arg>Tell Me More</arg>
<doc>Verifies link identified by ``locator`` is found from current page.</doc>
<msg timestamp="20230303 10:48:29.628" level="INFO">Current page contains link 'Tell Me More'.</msg>
<status status="PASS" starttime="20230303 10:48:29.616" endtime="20230303 10:48:29.628"/>
</kw>
<status status="PASS" starttime="20230303 10:48:29.577" endtime="20230303 10:48:29.628"/>
</kw>
<status status="PASS" starttime="20230303 10:48:26.507" endtime="20230303 10:48:29.628"/>
</kw>
<status status="PASS" starttime="20230303 10:48:26.507" endtime="20230303 10:48:29.628"/>
</kw>
<kw name="End Web Test" library="CommonWeb" type="TEARDOWN">
<kw name="Close All Browsers" library="SeleniumLibrary">
<doc>Closes all open browsers and resets the browser cache.</doc>
<status status="PASS" starttime="20230303 10:48:29.629" endtime="20230303 10:48:35.855"/>
</kw>
<status status="PASS" starttime="20230303 10:48:29.629" endtime="20230303 10:48:35.855"/>
</kw>
<doc>Test the open Main Landing</doc>
<tag>1001</tag>
<tag>MainLanding</tag>
<tag>Smoke</tag>
<status status="PASS" starttime="20230303 10:48:25.135" endtime="20230303 10:48:35.856"/>
</test>
<test id="s1-t2" name="Should Be abble to Access Team Page" line="18">
<kw name="Begin Web Test" library="CommonWeb" type="SETUP">
<kw name="Set Selenium Timeout" library="SeleniumLibrary">
<arg>5s</arg>
<doc>Sets the timeout that is used by various keywords.</doc>
<status status="PASS" starttime="20230303 10:48:35.859" endtime="20230303 10:48:35.859"/>
</kw>
<kw name="Open Browser" library="SeleniumLibrary">
<arg>about:blank</arg>
<arg>${BROWSER}</arg>
<doc>Opens a new browser instance to the optional ``url``.</doc>
<msg timestamp="20230303 10:48:35.859" level="INFO">Opening browser 'chrome' to base url 'about:blank'.</msg>
<status status="PASS" starttime="20230303 10:48:35.859" endtime="20230303 10:48:36.859"/>
</kw>
<kw name="Set Window Position" library="SeleniumLibrary">
<arg>x=1921</arg>
<arg>y=0</arg>
<doc>Sets window position using ``x`` and ``y`` coordinates.</doc>
<status status="PASS" starttime="20230303 10:48:36.859" endtime="20230303 10:48:36.996"/>
</kw>
<kw name="Maximize Browser Window" library="SeleniumLibrary">
<doc>Maximizes current browser window.</doc>
<status status="PASS" starttime="20230303 10:48:36.996" endtime="20230303 10:48:37.120"/>
</kw>
<status status="PASS" starttime="20230303 10:48:35.858" endtime="20230303 10:48:37.120"/>
</kw>
<kw name="Open Landing Page" library="AppClient">
<kw name="Open Page" library="Main">
<kw name="Go To" library="SeleniumLibrary">
<arg>${URL}</arg>
<doc>Navigates the current browser window to the provided ``url``.</doc>
<msg timestamp="20230303 10:48:37.121" level="INFO">Opening url 'https://automationplayground.com/front-office/'</msg>
<status status="PASS" starttime="20230303 10:48:37.121" endtime="20230303 10:48:50.708"/>
</kw>
<kw name="Verify Page Loaded" library="Main">
<kw name="Page Should Contain" library="SeleniumLibrary">
<arg>Welcome To Our Studio!</arg>
<doc>Verifies that current page contains ``text``.</doc>
<msg timestamp="20230303 10:48:50.728" level="INFO">Current page contains text 'Welcome To Our Studio!'.</msg>
<status status="PASS" starttime="20230303 10:48:50.708" endtime="20230303 10:48:50.728"/>
</kw>
<kw name="Page Should Contain" library="SeleniumLibrary">
<arg>It's Nice To Meet You</arg>
<doc>Verifies that current page contains ``text``.</doc>
<msg timestamp="20230303 10:48:50.741" level="INFO">Current page contains text 'It's Nice To Meet You'.</msg>
<status status="PASS" starttime="20230303 10:48:50.728" endtime="20230303 10:48:50.741"/>
</kw>
<kw name="Page Should Contain Link" library="SeleniumLibrary">
<arg>Tell Me More</arg>
<doc>Verifies link identified by ``locator`` is found from current page.</doc>
<msg timestamp="20230303 10:48:50.753" level="INFO">Current page contains link 'Tell Me More'.</msg>
<status status="PASS" starttime="20230303 10:48:50.741" endtime="20230303 10:48:50.753"/>
</kw>
<status status="PASS" starttime="20230303 10:48:50.708" endtime="20230303 10:48:50.753"/>
</kw>
<status status="PASS" starttime="20230303 10:48:37.121" endtime="20230303 10:48:50.753"/>
</kw>
<status status="PASS" starttime="20230303 10:48:37.121" endtime="20230303 10:48:50.753"/>
</kw>
<kw name="Move to &quot;Team&quot; Page" library="AppClient">
<kw name="click &quot;Team&quot; Button" library="TopNav">
<kw name="Click Element" library="SeleniumLibrary">
<arg>${TOPNAV_TEAM_BUTTON}</arg>
<doc>Click the element identified by ``locator``.</doc>
<msg timestamp="20230303 10:48:50.754" level="INFO">Clicking element 'css=#bs-example-navbar-collapse-1 &gt; ul &gt; li:nth-child(5) &gt; a'.</msg>
<status status="PASS" starttime="20230303 10:48:50.754" endtime="20230303 10:48:50.791"/>
</kw>
<status status="PASS" starttime="20230303 10:48:50.754" endtime="20230303 10:48:50.791"/>
</kw>
<kw name="Verify Page Loaded" library="Team">
<kw name="Wait Until Page Contains Element" library="SeleniumLibrary">
<arg>${TEAM_HEADER_LABEL}</arg>
<doc>Waits until the element ``locator`` appears on the current page.</doc>
<status status="PASS" starttime="20230303 10:48:50.792" endtime="20230303 10:48:50.800"/>
</kw>
<status status="PASS" starttime="20230303 10:48:50.791" endtime="20230303 10:48:50.800"/>
</kw>
<status status="PASS" starttime="20230303 10:48:50.754" endtime="20230303 10:48:50.800"/>
</kw>
<kw name="End Web Test" library="CommonWeb" type="TEARDOWN">
<kw name="Close All Browsers" library="SeleniumLibrary">
<doc>Closes all open browsers and resets the browser cache.</doc>
<status status="PASS" starttime="20230303 10:48:50.801" endtime="20230303 10:48:57.024"/>
</kw>
<status status="PASS" starttime="20230303 10:48:50.801" endtime="20230303 10:48:57.025"/>
</kw>
<doc>Open Access Team Page</doc>
<tag>1002</tag>
<tag>Smoke</tag>
<tag>Team_Page</tag>
<status status="PASS" starttime="20230303 10:48:35.858" endtime="20230303 10:48:57.026"/>
</test>
<test id="s1-t3" name="&quot;Team&quot; page should match requirements" line="25">
<kw name="Begin Web Test" library="CommonWeb" type="SETUP">
<kw name="Set Selenium Timeout" library="SeleniumLibrary">
<arg>5s</arg>
<doc>Sets the timeout that is used by various keywords.</doc>
<status status="PASS" starttime="20230303 10:48:57.030" endtime="20230303 10:48:57.030"/>
</kw>
<kw name="Open Browser" library="SeleniumLibrary">
<arg>about:blank</arg>
<arg>${BROWSER}</arg>
<doc>Opens a new browser instance to the optional ``url``.</doc>
<msg timestamp="20230303 10:48:57.031" level="INFO">Opening browser 'chrome' to base url 'about:blank'.</msg>
<status status="PASS" starttime="20230303 10:48:57.030" endtime="20230303 10:48:58.034"/>
</kw>
<kw name="Set Window Position" library="SeleniumLibrary">
<arg>x=1921</arg>
<arg>y=0</arg>
<doc>Sets window position using ``x`` and ``y`` coordinates.</doc>
<status status="PASS" starttime="20230303 10:48:58.034" endtime="20230303 10:48:58.163"/>
</kw>
<kw name="Maximize Browser Window" library="SeleniumLibrary">
<doc>Maximizes current browser window.</doc>
<status status="PASS" starttime="20230303 10:48:58.163" endtime="20230303 10:48:58.288"/>
</kw>
<status status="PASS" starttime="20230303 10:48:57.030" endtime="20230303 10:48:58.288"/>
</kw>
<kw name="Open Landing Page" library="AppClient">
<kw name="Open Page" library="Main">
<kw name="Go To" library="SeleniumLibrary">
<arg>${URL}</arg>
<doc>Navigates the current browser window to the provided ``url``.</doc>
<msg timestamp="20230303 10:48:58.289" level="INFO">Opening url 'https://automationplayground.com/front-office/'</msg>
<status status="PASS" starttime="20230303 10:48:58.289" endtime="20230303 10:49:10.226"/>
</kw>
<kw name="Verify Page Loaded" library="Main">
<kw name="Page Should Contain" library="SeleniumLibrary">
<arg>Welcome To Our Studio!</arg>
<doc>Verifies that current page contains ``text``.</doc>
<msg timestamp="20230303 10:49:10.246" level="INFO">Current page contains text 'Welcome To Our Studio!'.</msg>
<status status="PASS" starttime="20230303 10:49:10.227" endtime="20230303 10:49:10.246"/>
</kw>
<kw name="Page Should Contain" library="SeleniumLibrary">
<arg>It's Nice To Meet You</arg>
<doc>Verifies that current page contains ``text``.</doc>
<msg timestamp="20230303 10:49:10.258" level="INFO">Current page contains text 'It's Nice To Meet You'.</msg>
<status status="PASS" starttime="20230303 10:49:10.246" endtime="20230303 10:49:10.258"/>
</kw>
<kw name="Page Should Contain Link" library="SeleniumLibrary">
<arg>Tell Me More</arg>
<doc>Verifies link identified by ``locator`` is found from current page.</doc>
<msg timestamp="20230303 10:49:10.272" level="INFO">Current page contains link 'Tell Me More'.</msg>
<status status="PASS" starttime="20230303 10:49:10.258" endtime="20230303 10:49:10.272"/>
</kw>
<status status="PASS" starttime="20230303 10:49:10.227" endtime="20230303 10:49:10.272"/>
</kw>
<status status="PASS" starttime="20230303 10:48:58.289" endtime="20230303 10:49:10.272"/>
</kw>
<status status="PASS" starttime="20230303 10:48:58.289" endtime="20230303 10:49:10.272"/>
</kw>
<kw name="Move to &quot;Team&quot; Page" library="AppClient">
<kw name="click &quot;Team&quot; Button" library="TopNav">
<kw name="Click Element" library="SeleniumLibrary">
<arg>${TOPNAV_TEAM_BUTTON}</arg>
<doc>Click the element identified by ``locator``.</doc>
<msg timestamp="20230303 10:49:10.273" level="INFO">Clicking element 'css=#bs-example-navbar-collapse-1 &gt; ul &gt; li:nth-child(5) &gt; a'.</msg>
<status status="PASS" starttime="20230303 10:49:10.272" endtime="20230303 10:49:10.310"/>
</kw>
<status status="PASS" starttime="20230303 10:49:10.272" endtime="20230303 10:49:10.310"/>
</kw>
<kw name="Verify Page Loaded" library="Team">
<kw name="Wait Until Page Contains Element" library="SeleniumLibrary">
<arg>${TEAM_HEADER_LABEL}</arg>
<doc>Waits until the element ``locator`` appears on the current page.</doc>
<status status="PASS" starttime="20230303 10:49:10.311" endtime="20230303 10:49:10.319"/>
</kw>
<status status="PASS" starttime="20230303 10:49:10.310" endtime="20230303 10:49:10.319"/>
</kw>
<status status="PASS" starttime="20230303 10:49:10.272" endtime="20230303 10:49:10.319"/>
</kw>
<kw name="Validate &quot;Team&quot; Page" library="AppClient">
<kw name="Validate page content" library="Team">
<kw name="Get Text" library="SeleniumLibrary">
<var>${ElementText}</var>
<arg>${TEAM_HEADER_LABEL}</arg>
<doc>Returns the text value of the element identified by ``locator``.</doc>
<msg timestamp="20230303 10:49:10.350" level="INFO">${ElementText} = OUR AMAZING TEAM</msg>
<status status="PASS" starttime="20230303 10:49:10.320" endtime="20230303 10:49:10.350"/>
</kw>
<kw name="Should Be Equal As Strings" library="BuiltIn">
<arg>${ElementText}</arg>
<arg>Our Amazing Team</arg>
<arg>ignore_case=True</arg>
<doc>Fails if objects are unequal after converting them to strings.</doc>
<status status="PASS" starttime="20230303 10:49:10.350" endtime="20230303 10:49:10.350"/>
</kw>
<status status="PASS" starttime="20230303 10:49:10.320" endtime="20230303 10:49:10.350"/>
</kw>
<status status="PASS" starttime="20230303 10:49:10.319" endtime="20230303 10:49:10.350"/>
</kw>
<kw name="End Web Test" library="CommonWeb" type="TEARDOWN">
<kw name="Close All Browsers" library="SeleniumLibrary">
<doc>Closes all open browsers and resets the browser cache.</doc>
<status status="PASS" starttime="20230303 10:49:10.351" endtime="20230303 10:49:16.578"/>
</kw>
<status status="PASS" starttime="20230303 10:49:10.350" endtime="20230303 10:49:16.578"/>
</kw>
<status status="PASS" starttime="20230303 10:48:57.029" endtime="20230303 10:49:16.579"/>
</test>
<status status="PASS" starttime="20230303 10:48:24.993" endtime="20230303 10:49:16.581"/>
</suite>
<statistics>
<total>
<stat pass="3" fail="0" skip="0">All Tests</stat>
</total>
<tag>
<stat pass="1" fail="0" skip="0">1001</stat>
<stat pass="1" fail="0" skip="0">1002</stat>
<stat pass="1" fail="0" skip="0">MainLanding</stat>
<stat pass="2" fail="0" skip="0">Smoke</stat>
<stat pass="1" fail="0" skip="0">Team_Page</stat>
</tag>
<suite>
<stat pass="3" fail="0" skip="0" id="s1" name="Front Office">Front Office</stat>
</suite>
</statistics>
<errors>
</errors>
</robot>
