<?xml version="1.0" encoding="UTF-8"?>
<robot generator="Robot 6.0.2 (Python 3.11.1 on win32)" generated="20230216 22:25:39.418" rpa="false" schemaversion="3">
<suite id="s1" name="Demo" source="C:\MAKS\Robot\keyword_demo\demo.robot">
<test id="s1-t1" name="Test case 1" line="6">
<kw name="Do Something">
<kw name="Log" library="BuiltIn">
<arg>I am doing something...</arg>
<doc>Logs the given message with the given level.</doc>
<msg timestamp="20230216 22:25:39.459" level="INFO">I am doing something...</msg>
<status status="PASS" starttime="20230216 22:25:39.459" endtime="20230216 22:25:39.459"/>
</kw>
<status status="PASS" starttime="20230216 22:25:39.458" endtime="20230216 22:25:39.459"/>
</kw>
<kw name="Do Something Else">
<kw name="Log" library="BuiltIn">
<arg>I am doing something else...</arg>
<doc>Logs the given message with the given level.</doc>
<msg timestamp="20230216 22:25:39.460" level="INFO">I am doing something else...</msg>
<status status="PASS" starttime="20230216 22:25:39.459" endtime="20230216 22:25:39.460"/>
</kw>
<status status="PASS" starttime="20230216 22:25:39.459" endtime="20230216 22:25:39.460"/>
</kw>
<status status="PASS" starttime="20230216 22:25:39.458" endtime="20230216 22:25:39.460"/>
</test>
<test id="s1-t2" name="Test case 2" line="10">
<kw name="Do Another Thing">
<kw name="Log" library="BuiltIn">
<arg>I am doing another thing...</arg>
<doc>Logs the given message with the given level.</doc>
<msg timestamp="20230216 22:25:39.462" level="INFO">I am doing another thing...</msg>
<status status="PASS" starttime="20230216 22:25:39.461" endtime="20230216 22:25:39.462"/>
</kw>
<status status="PASS" starttime="20230216 22:25:39.461" endtime="20230216 22:25:39.462"/>
</kw>
<kw name="Do Something Else">
<kw name="Log" library="BuiltIn">
<arg>I am doing something else...</arg>
<doc>Logs the given message with the given level.</doc>
<msg timestamp="20230216 22:25:39.462" level="INFO">I am doing something else...</msg>
<status status="PASS" starttime="20230216 22:25:39.462" endtime="20230216 22:25:39.462"/>
</kw>
<status status="PASS" starttime="20230216 22:25:39.462" endtime="20230216 22:25:39.462"/>
</kw>
<status status="PASS" starttime="20230216 22:25:39.461" endtime="20230216 22:25:39.463"/>
</test>
<status status="PASS" starttime="20230216 22:25:39.421" endtime="20230216 22:25:39.464"/>
</suite>
<statistics>
<total>
<stat pass="2" fail="0" skip="0">All Tests</stat>
</total>
<tag>
</tag>
<suite>
<stat pass="2" fail="0" skip="0" id="s1" name="Demo">Demo</stat>
</suite>
</statistics>
<errors>
</errors>
</robot>
